2025-09-15 20:06:28,822 - INFO - 処理開始: test_kaunet_file.txt
2025-09-15 20:06:28,822 - INFO - 処理開始: test_kaunet_file.txt
2025-09-15 20:06:28,824 - ERROR - ファイルサイズ不一致: 元=14, 先=0
2025-09-15 20:06:28,825 - ERROR - 安全移動失敗: test_kaunet_file.txt
2025-09-15 20:06:28,825 - ERROR - ハッシュ計算エラー: [Errno 2] No such file or directory: 'C:\\LocalApp\\kaunetAPP\\DATA\\test_kaunet_file.txt'
2025-09-15 20:06:28,825 - ERROR - ファイルハッシュ不一致: test_kaunet_file.txt
2025-09-15 20:06:28,825 - ERROR - 安全移動エラー: [WinError 2] 指定されたファイルが見つかりません。: 'C:\\LocalApp\\kaunetAPP\\DATA\\test_kaunet_file.txt'
2025-09-15 20:06:28,828 - ERROR - 安全移動失敗: test_kaunet_file.txt
2025-09-15 20:06:31,831 - INFO - 処理開始: test_zaiko_file.txt
2025-09-15 20:06:31,831 - INFO - マッチするルールがありません: test_zaiko_file.txt
2025-09-15 20:06:31,832 - INFO - 処理開始: test_zaiko_file.txt
2025-09-15 20:06:31,832 - INFO - マッチするルールがありません: test_zaiko_file.txt
2025-09-15 23:07:32,880 - INFO - 処理開始: kaunet_test.txt
2025-09-15 23:07:32,889 - INFO - 安全移動完了: kaunet_test.txt -> C:\LocalApp\kaunetAPP\DATA
2025-09-15 23:07:35,890 - INFO - 処理開始: zaiko_test.txt
2025-09-15 23:07:35,894 - INFO - 安全移動完了: zaiko_test.txt -> C:\LocalApp\在庫マスターAPP\data
2025-09-15 23:48:38,190 - INFO - 処理開始: test_zaiko_new.txt
2025-09-15 23:48:38,200 - INFO - 安全移動完了: test_zaiko_new.txt -> C:\LocalApp\在庫マスターAPP\data
2025-09-15 23:51:49,843 - INFO - 処理開始: kaunet_database_2025-09-09 (6).csv
2025-09-15 23:51:49,858 - INFO - 安全移動完了: kaunet_database_2025-09-09 (6).csv -> C:\LocalApp\kaunetAPP\DATA
2025-09-15 23:51:52,859 - INFO - 処理開始: kaunet_database_2025-09-09.csv
2025-09-15 23:51:52,876 - INFO - 安全移動完了: kaunet_database_2025-09-09.csv -> C:\LocalApp\kaunetAPP\DATA
2025-09-15 23:51:55,878 - INFO - 処理開始: kaunet_history_2025-08-30 (1).csv
2025-09-15 23:51:55,895 - INFO - 安全移動完了: kaunet_history_2025-08-30 (1).csv -> C:\LocalApp\kaunetAPP\DATA
2025-09-15 23:51:58,896 - INFO - 処理開始: kaunet_history_2025-08-30.csv
2025-09-15 23:51:58,905 - INFO - 安全移動完了: kaunet_history_2025-08-30.csv -> C:\LocalApp\kaunetAPP\DATA
2025-09-15 23:52:01,907 - INFO - 処理開始: kaunet_history_2025-08-31 (1).csv
2025-09-15 23:52:01,919 - INFO - 安全移動完了: kaunet_history_2025-08-31 (1).csv -> C:\LocalApp\kaunetAPP\DATA
2025-09-15 23:52:04,920 - INFO - 処理開始: kaunet_history_2025-08-31 (2).csv
2025-09-15 23:52:04,924 - INFO - 安全移動完了: kaunet_history_2025-08-31 (2).csv -> C:\LocalApp\kaunetAPP\DATA
2025-09-15 23:52:07,926 - INFO - 処理開始: kaunet_history_2025-08-31 (3).csv
2025-09-15 23:52:07,938 - INFO - 安全移動完了: kaunet_history_2025-08-31 (3).csv -> C:\LocalApp\kaunetAPP\DATA
2025-09-15 23:52:10,939 - INFO - 処理開始: kaunet_history_2025-08-31 (4).csv
2025-09-15 23:52:10,953 - INFO - 安全移動完了: kaunet_history_2025-08-31 (4).csv -> C:\LocalApp\kaunetAPP\DATA
2025-09-15 23:52:13,954 - INFO - 処理開始: kaunet_history_2025-08-31.csv
2025-09-15 23:52:13,958 - INFO - 安全移動完了: kaunet_history_2025-08-31.csv -> C:\LocalApp\kaunetAPP\DATA
2025-09-15 23:52:16,959 - INFO - 処理開始: kaunet_history_2025-09-01 (1).csv
2025-09-15 23:52:16,974 - INFO - 安全移動完了: kaunet_history_2025-09-01 (1).csv -> C:\LocalApp\kaunetAPP\DATA
2025-09-15 23:52:19,976 - INFO - 処理開始: kaunet_history_2025-09-01.csv
2025-09-15 23:52:19,990 - INFO - 安全移動完了: kaunet_history_2025-09-01.csv -> C:\LocalApp\kaunetAPP\DATA
2025-09-15 23:52:22,991 - INFO - 処理開始: kaunet_history_2025-09-09 (1).csv
2025-09-15 23:52:23,006 - INFO - 安全移動完了: kaunet_history_2025-09-09 (1).csv -> C:\LocalApp\kaunetAPP\DATA
2025-09-15 23:52:26,007 - INFO - 処理開始: kaunet_history_2025-09-09 (2).csv
2025-09-15 23:52:26,012 - INFO - 安全移動完了: kaunet_history_2025-09-09 (2).csv -> C:\LocalApp\kaunetAPP\DATA
2025-09-15 23:52:29,013 - INFO - 処理開始: kaunet_history_2025-09-09.csv
2025-09-15 23:52:29,029 - INFO - 安全移動完了: kaunet_history_2025-09-09.csv -> C:\LocalApp\kaunetAPP\DATA
2025-09-15 23:52:32,030 - INFO - 処理開始: zaiko_在庫サマリー_20250913_1847.csv
2025-09-15 23:52:32,055 - INFO - 安全移動完了: zaiko_在庫サマリー_20250913_1847.csv -> C:\LocalApp\在庫マスターAPP\data
2025-09-15 23:52:35,056 - INFO - 処理開始: zaiko_在庫サマリー_20250913_1920.csv
2025-09-15 23:52:35,082 - INFO - 安全移動完了: zaiko_在庫サマリー_20250913_1920.csv -> C:\LocalApp\在庫マスターAPP\data
2025-09-15 23:52:38,083 - INFO - 処理開始: zaiko_住所リスト_20250913_1847.csv
2025-09-15 23:52:38,101 - INFO - 安全移動完了: zaiko_住所リスト_20250913_1847.csv -> C:\LocalApp\在庫マスターAPP\data
2025-09-15 23:52:41,104 - INFO - 処理開始: zaiko_住所リスト_20250913_1920.csv
2025-09-15 23:52:41,112 - INFO - 安全移動完了: zaiko_住所リスト_20250913_1920.csv -> C:\LocalApp\在庫マスターAPP\data
2025-09-15 23:52:44,113 - INFO - 処理開始: zaiko_出庫履歴_20250913_1847.csv
2025-09-15 23:52:44,138 - INFO - 安全移動完了: zaiko_出庫履歴_20250913_1847.csv -> C:\LocalApp\在庫マスターAPP\data
2025-09-15 23:52:47,143 - INFO - 処理開始: zaiko_出庫履歴_20250913_1920.csv
2025-09-15 23:52:47,171 - INFO - 安全移動完了: zaiko_出庫履歴_20250913_1920.csv -> C:\LocalApp\在庫マスターAPP\data
2025-09-15 23:52:50,172 - INFO - 処理開始: zaiko_担当者リスト_20250913_1847.csv
2025-09-15 23:52:50,190 - INFO - 安全移動完了: zaiko_担当者リスト_20250913_1847.csv -> C:\LocalApp\在庫マスターAPP\data
2025-09-15 23:52:53,195 - INFO - 処理開始: zaiko_担当者リスト_20250913_1920.csv
2025-09-15 23:52:53,203 - INFO - 安全移動完了: zaiko_担当者リスト_20250913_1920.csv -> C:\LocalApp\在庫マスターAPP\data
2025-09-15 23:52:56,205 - INFO - 処理開始: 在庫サマリー_20250907_0021.csv
2025-09-15 23:52:56,205 - INFO - マッチするルールがありません: 在庫サマリー_20250907_0021.csv
2025-09-15 23:52:59,207 - INFO - 処理開始: 在庫サマリー_20250907_0025.csv
2025-09-15 23:52:59,207 - INFO - マッチするルールがありません: 在庫サマリー_20250907_0025.csv
2025-09-15 23:53:02,208 - INFO - 処理開始: 在庫サマリー_20250907_0122.csv
2025-09-15 23:53:02,209 - INFO - マッチするルールがありません: 在庫サマリー_20250907_0122.csv
2025-09-15 23:53:05,210 - INFO - 処理開始: 在庫サマリー_20250907_1000.csv
2025-09-15 23:53:05,210 - INFO - マッチするルールがありません: 在庫サマリー_20250907_1000.csv
2025-09-15 23:53:08,211 - INFO - 処理開始: 在庫サマリー_20250907_1036.csv
2025-09-15 23:53:08,211 - INFO - マッチするルールがありません: 在庫サマリー_20250907_1036.csv
2025-09-15 23:53:11,212 - INFO - 処理開始: 在庫サマリー_20250907_1058.csv
2025-09-15 23:53:11,212 - INFO - マッチするルールがありません: 在庫サマリー_20250907_1058.csv
2025-09-15 23:53:14,213 - INFO - 処理開始: 住所リスト_20250907_0122.csv
2025-09-15 23:53:14,214 - INFO - マッチするルールがありません: 住所リスト_20250907_0122.csv
2025-09-15 23:53:17,215 - INFO - 処理開始: 住所リスト_20250907_1001.csv
2025-09-15 23:53:17,215 - INFO - マッチするルールがありません: 住所リスト_20250907_1001.csv
2025-09-15 23:53:20,216 - INFO - 処理開始: 住所リスト_20250907_1037.csv
2025-09-15 23:53:20,216 - INFO - マッチするルールがありません: 住所リスト_20250907_1037.csv
2025-09-15 23:53:23,217 - INFO - 処理開始: 出庫履歴_20250907_0022.csv
2025-09-15 23:53:23,217 - INFO - マッチするルールがありません: 出庫履歴_20250907_0022.csv
2025-09-15 23:53:26,218 - INFO - 処理開始: 出庫履歴_20250907_0122.csv
2025-09-15 23:53:26,218 - INFO - マッチするルールがありません: 出庫履歴_20250907_0122.csv
2025-09-15 23:53:29,219 - INFO - 処理開始: 出庫履歴_20250907_1000.csv
2025-09-15 23:53:29,220 - INFO - マッチするルールがありません: 出庫履歴_20250907_1000.csv
2025-09-15 23:53:32,220 - INFO - 処理開始: 出庫履歴_20250907_1036.csv
2025-09-15 23:53:32,221 - INFO - マッチするルールがありません: 出庫履歴_20250907_1036.csv
2025-09-15 23:53:35,221 - INFO - 処理開始: 出庫履歴_20250907_1058.csv
2025-09-15 23:53:35,222 - INFO - マッチするルールがありません: 出庫履歴_20250907_1058.csv
2025-09-15 23:53:38,223 - INFO - 処理開始: 担当者リスト_20250907_0122.csv
2025-09-15 23:53:38,223 - INFO - マッチするルールがありません: 担当者リスト_20250907_0122.csv
2025-09-15 23:53:41,224 - INFO - 処理開始: 担当者リスト_20250907_1001.csv
2025-09-15 23:53:41,224 - INFO - マッチするルールがありません: 担当者リスト_20250907_1001.csv
2025-09-15 23:53:44,225 - INFO - 処理開始: 担当者リスト_20250907_1036.csv
2025-09-15 23:53:44,225 - INFO - マッチするルールがありません: 担当者リスト_20250907_1036.csv
2025-09-15 23:53:47,226 - INFO - 処理開始: 日報APP_7_8月19日.csv
2025-09-15 23:53:47,226 - INFO - マッチするルールがありません: 日報APP_7_8月19日.csv
2025-09-15 23:53:50,227 - INFO - 処理開始: database_2025-08-31 (1).csv
2025-09-15 23:53:50,227 - INFO - マッチするルールがありません: database_2025-08-31 (1).csv
2025-09-15 23:53:53,228 - INFO - 処理開始: database_2025-08-31.csv
2025-09-15 23:53:53,228 - INFO - マッチするルールがありません: database_2025-08-31.csv
2025-09-15 23:53:56,229 - INFO - 処理開始: kaunet_database_2025-08-30 (1).csv
2025-09-15 23:53:56,249 - INFO - 安全移動完了: kaunet_database_2025-08-30 (1).csv -> C:\LocalApp\kaunetAPP\DATA
2025-09-15 23:53:59,250 - INFO - 処理開始: kaunet_database_2025-08-30 (2).csv
2025-09-15 23:53:59,267 - INFO - 安全移動完了: kaunet_database_2025-08-30 (2).csv -> C:\LocalApp\kaunetAPP\DATA
2025-09-15 23:54:02,268 - INFO - 処理開始: kaunet_database_2025-08-30 (3).csv
2025-09-15 23:54:02,285 - INFO - 安全移動完了: kaunet_database_2025-08-30 (3).csv -> C:\LocalApp\kaunetAPP\DATA
2025-09-15 23:54:05,286 - INFO - 処理開始: kaunet_database_2025-08-30.csv
2025-09-15 23:54:05,300 - INFO - 安全移動完了: kaunet_database_2025-08-30.csv -> C:\LocalApp\kaunetAPP\DATA
2025-09-15 23:54:08,301 - INFO - 処理開始: kaunet_database_2025-08-31 (1).csv
2025-09-15 23:54:08,314 - INFO - 安全移動完了: kaunet_database_2025-08-31 (1).csv -> C:\LocalApp\kaunetAPP\DATA
2025-09-15 23:54:11,315 - INFO - 処理開始: kaunet_database_2025-08-31 (2).csv
2025-09-15 23:54:11,319 - INFO - 安全移動完了: kaunet_database_2025-08-31 (2).csv -> C:\LocalApp\kaunetAPP\DATA
2025-09-15 23:54:14,321 - INFO - 処理開始: kaunet_database_2025-08-31 (3).csv
2025-09-15 23:54:14,325 - INFO - 安全移動完了: kaunet_database_2025-08-31 (3).csv -> C:\LocalApp\kaunetAPP\DATA
2025-09-15 23:54:17,327 - INFO - 処理開始: kaunet_database_2025-08-31 (4).csv
2025-09-15 23:54:17,340 - INFO - 安全移動完了: kaunet_database_2025-08-31 (4).csv -> C:\LocalApp\kaunetAPP\DATA
2025-09-15 23:54:20,343 - INFO - 処理開始: kaunet_database_2025-08-31.csv
2025-09-15 23:54:20,358 - INFO - 安全移動完了: kaunet_database_2025-08-31.csv -> C:\LocalApp\kaunetAPP\DATA
2025-09-15 23:54:23,360 - INFO - 処理開始: kaunet_database_2025-09-01 (1).csv
2025-09-15 23:54:23,377 - INFO - 安全移動完了: kaunet_database_2025-09-01 (1).csv -> C:\LocalApp\kaunetAPP\DATA
2025-09-15 23:54:26,380 - INFO - 処理開始: kaunet_database_2025-09-01.csv
2025-09-15 23:54:26,399 - INFO - 安全移動完了: kaunet_database_2025-09-01.csv -> C:\LocalApp\kaunetAPP\DATA
2025-09-15 23:54:29,402 - INFO - 処理開始: kaunet_database_2025-09-09 (1).csv
2025-09-15 23:54:29,421 - INFO - 安全移動完了: kaunet_database_2025-09-09 (1).csv -> C:\LocalApp\kaunetAPP\DATA
2025-09-15 23:54:32,424 - INFO - 処理開始: kaunet_database_2025-09-09 (2).csv
2025-09-15 23:54:32,433 - INFO - 安全移動完了: kaunet_database_2025-09-09 (2).csv -> C:\LocalApp\kaunetAPP\DATA
2025-09-15 23:54:35,435 - INFO - 処理開始: kaunet_database_2025-09-09 (3).csv
2025-09-15 23:54:35,453 - INFO - 安全移動完了: kaunet_database_2025-09-09 (3).csv -> C:\LocalApp\kaunetAPP\DATA
2025-09-15 23:54:38,456 - INFO - 処理開始: kaunet_database_2025-09-09 (4).csv
2025-09-15 23:54:38,475 - INFO - 安全移動完了: kaunet_database_2025-09-09 (4).csv -> C:\LocalApp\kaunetAPP\DATA
2025-09-15 23:54:41,477 - INFO - 処理開始: kaunet_database_2025-09-09 (5).csv
2025-09-15 23:54:41,495 - INFO - 安全移動完了: kaunet_database_2025-09-09 (5).csv -> C:\LocalApp\kaunetAPP\DATA
2025-09-15 23:55:13,733 - INFO - 処理開始: kaunet_template_2025-08-31 (9).json
2025-09-15 23:55:13,744 - INFO - 安全移動完了: kaunet_template_2025-08-31 (9).json -> C:\LocalApp\kaunetAPP\DATA
2025-09-15 23:55:16,746 - INFO - 処理開始: kaunet_template_2025-08-31 (10).json
2025-09-15 23:55:16,749 - INFO - 安全移動完了: kaunet_template_2025-08-31 (10).json -> C:\LocalApp\kaunetAPP\DATA
2025-09-15 23:55:19,753 - INFO - 処理開始: kaunet_template_2025-08-31 (11).json
2025-09-15 23:55:19,757 - INFO - 安全移動完了: kaunet_template_2025-08-31 (11).json -> C:\LocalApp\kaunetAPP\DATA
2025-09-15 23:55:22,760 - INFO - 処理開始: kaunet_template_2025-08-31 (12).json
2025-09-15 23:55:22,764 - INFO - 安全移動完了: kaunet_template_2025-08-31 (12).json -> C:\LocalApp\kaunetAPP\DATA
2025-09-15 23:55:25,767 - INFO - 処理開始: kaunet_template_2025-08-31 (13).json
2025-09-15 23:55:25,771 - INFO - 安全移動完了: kaunet_template_2025-08-31 (13).json -> C:\LocalApp\kaunetAPP\DATA
2025-09-15 23:55:28,773 - INFO - 処理開始: kaunet_template_2025-08-31.json
2025-09-15 23:55:28,777 - INFO - 安全移動完了: kaunet_template_2025-08-31.json -> C:\LocalApp\kaunetAPP\DATA
2025-09-15 23:55:31,780 - INFO - 処理開始: kaunet_template_2025-09-02.json
2025-09-15 23:55:31,784 - INFO - 安全移動完了: kaunet_template_2025-09-02.json -> C:\LocalApp\kaunetAPP\DATA
2025-09-15 23:55:34,786 - INFO - 処理開始: kaunet_template_2025-09-09.json
2025-09-15 23:55:34,793 - INFO - 安全移動完了: kaunet_template_2025-09-09.json -> C:\LocalApp\kaunetAPP\DATA
2025-09-15 23:55:37,796 - INFO - 処理開始: nippo改善点.md
2025-09-15 23:55:37,796 - INFO - マッチするルールがありません: nippo改善点.md
2025-09-15 23:55:40,796 - INFO - 処理開始: node-v22.18.0-x64.msi
2025-09-15 23:55:40,797 - INFO - マッチするルールがありません: node-v22.18.0-x64.msi
2025-09-15 23:55:43,797 - INFO - 処理開始: Perplexity Setup 1.1.3.exe
2025-09-15 23:55:43,797 - INFO - マッチするルールがありません: Perplexity Setup 1.1.3.exe
2025-09-15 23:55:46,798 - INFO - 処理開始: SmoothCSV_3.3.0_x64_en-US.msi
2025-09-15 23:55:46,798 - INFO - マッチするルールがありません: SmoothCSV_3.3.0_x64_en-US.msi
2025-09-15 23:55:49,799 - INFO - 処理開始: smoothcsv3-main.zip
2025-09-15 23:55:49,799 - INFO - マッチするルールがありません: smoothcsv3-main.zip
2025-09-15 23:55:52,800 - INFO - 処理開始: test_kaunet_file.txt
2025-09-15 23:55:52,809 - INFO - 安全移動完了: test_kaunet_file.txt -> C:\LocalApp\kaunetAPP\DATA
2025-09-15 23:55:55,812 - INFO - 処理開始: test_zaiko_file.txt
2025-09-15 23:55:55,816 - INFO - 安全移動完了: test_zaiko_file.txt -> C:\LocalApp\在庫マスターAPP\data
2025-09-15 23:55:58,818 - INFO - 処理開始: kaunet_template_2025-08-30 (1).json
2025-09-15 23:55:58,839 - INFO - 安全移動完了: kaunet_template_2025-08-30 (1).json -> C:\LocalApp\kaunetAPP\DATA
2025-09-15 23:56:01,841 - INFO - 処理開始: kaunet_template_2025-08-30.json
2025-09-15 23:56:01,857 - INFO - 安全移動完了: kaunet_template_2025-08-30.json -> C:\LocalApp\kaunetAPP\DATA
2025-09-15 23:56:04,859 - INFO - 処理開始: kaunet_template_2025-08-31 (1).json
2025-09-15 23:56:04,863 - INFO - 安全移動完了: kaunet_template_2025-08-31 (1).json -> C:\LocalApp\kaunetAPP\DATA
2025-09-15 23:56:07,866 - INFO - 処理開始: kaunet_template_2025-08-31 (2).json
2025-09-15 23:56:07,870 - INFO - 安全移動完了: kaunet_template_2025-08-31 (2).json -> C:\LocalApp\kaunetAPP\DATA
2025-09-15 23:56:10,873 - INFO - 処理開始: kaunet_template_2025-08-31 (3).json
2025-09-15 23:56:10,877 - INFO - 安全移動完了: kaunet_template_2025-08-31 (3).json -> C:\LocalApp\kaunetAPP\DATA
2025-09-15 23:56:13,879 - INFO - 処理開始: kaunet_template_2025-08-31 (4).json
2025-09-15 23:56:13,883 - INFO - 安全移動完了: kaunet_template_2025-08-31 (4).json -> C:\LocalApp\kaunetAPP\DATA
2025-09-15 23:56:16,885 - INFO - 処理開始: kaunet_template_2025-08-31 (5).json
2025-09-15 23:56:16,889 - INFO - 安全移動完了: kaunet_template_2025-08-31 (5).json -> C:\LocalApp\kaunetAPP\DATA
2025-09-15 23:56:19,892 - INFO - 処理開始: kaunet_template_2025-08-31 (6).json
2025-09-15 23:56:19,896 - INFO - 安全移動完了: kaunet_template_2025-08-31 (6).json -> C:\LocalApp\kaunetAPP\DATA
2025-09-15 23:56:22,899 - INFO - 処理開始: kaunet_template_2025-08-31 (7).json
2025-09-15 23:56:22,907 - INFO - 安全移動完了: kaunet_template_2025-08-31 (7).json -> C:\LocalApp\kaunetAPP\DATA
2025-09-15 23:56:25,909 - INFO - 処理開始: kaunet_template_2025-08-31 (8).json
2025-09-15 23:56:25,913 - INFO - 安全移動完了: kaunet_template_2025-08-31 (8).json -> C:\LocalApp\kaunetAPP\DATA
2025-09-15 23:59:40,742 - WARNING - ファイルが存在しません: C:\Users\falco\Downloads\2fea9129-6ac6-4640-85c3-02034ed1b24b.tmp
2025-09-15 23:59:43,742 - WARNING - ファイルが存在しません: C:\Users\falco\Downloads\未確認 463259.crdownload
2025-09-15 23:59:46,743 - INFO - 処理開始: FlexRena84.zip
2025-09-15 23:59:46,743 - INFO - マッチするルールがありません: FlexRena84.zip
2025-09-16 00:05:25,349 - INFO - 処理開始: zaiko_在庫サマリー_20250907_0122.csv
2025-09-16 00:05:25,376 - INFO - 安全移動完了: zaiko_在庫サマリー_20250907_0122.csv -> C:\LocalApp\在庫マスターAPP\data
2025-09-16 00:05:28,379 - INFO - 処理開始: zaiko_在庫サマリー_20250907_1000.csv
2025-09-16 00:05:28,410 - INFO - 安全移動完了: zaiko_在庫サマリー_20250907_1000.csv -> C:\LocalApp\在庫マスターAPP\data
2025-09-16 00:05:31,412 - INFO - 処理開始: zaiko_在庫サマリー_20250907_1036.csv
2025-09-16 00:05:31,438 - INFO - 安全移動完了: zaiko_在庫サマリー_20250907_1036.csv -> C:\LocalApp\在庫マスターAPP\data
2025-09-16 00:05:34,441 - INFO - 処理開始: zaiko_在庫サマリー_20250907_1058.csv
2025-09-16 00:05:34,462 - INFO - 安全移動完了: zaiko_在庫サマリー_20250907_1058.csv -> C:\LocalApp\在庫マスターAPP\data
2025-09-16 00:05:37,464 - INFO - 処理開始: zaiko_住所リスト_20250907_0122.csv
2025-09-16 00:05:37,486 - INFO - 安全移動完了: zaiko_住所リスト_20250907_0122.csv -> C:\LocalApp\在庫マスターAPP\data
2025-09-16 00:05:40,488 - INFO - 処理開始: zaiko_住所リスト_20250907_1001.csv
2025-09-16 00:05:40,496 - INFO - 安全移動完了: zaiko_住所リスト_20250907_1001.csv -> C:\LocalApp\在庫マスターAPP\data
2025-09-16 00:05:43,498 - INFO - 処理開始: zaiko_住所リスト_20250907_1037.csv
2025-09-16 00:05:43,507 - INFO - 安全移動完了: zaiko_住所リスト_20250907_1037.csv -> C:\LocalApp\在庫マスターAPP\data
2025-09-16 00:05:46,509 - INFO - 処理開始: zaiko_出庫履歴_20250907_0022.csv
2025-09-16 00:05:46,540 - INFO - 安全移動完了: zaiko_出庫履歴_20250907_0022.csv -> C:\LocalApp\在庫マスターAPP\data
2025-09-16 00:05:49,542 - INFO - 処理開始: zaiko_出庫履歴_20250907_0122.csv
2025-09-16 00:05:49,570 - INFO - 安全移動完了: zaiko_出庫履歴_20250907_0122.csv -> C:\LocalApp\在庫マスターAPP\data
2025-09-16 00:05:52,573 - INFO - 処理開始: zaiko_出庫履歴_20250907_1000.csv
2025-09-16 00:05:52,598 - INFO - 安全移動完了: zaiko_出庫履歴_20250907_1000.csv -> C:\LocalApp\在庫マスターAPP\data
2025-09-16 00:05:55,600 - INFO - 処理開始: zaiko_出庫履歴_20250907_1036.csv
2025-09-16 00:05:55,626 - INFO - 安全移動完了: zaiko_出庫履歴_20250907_1036.csv -> C:\LocalApp\在庫マスターAPP\data
2025-09-16 00:05:58,629 - INFO - 処理開始: zaiko_出庫履歴_20250907_1058.csv
2025-09-16 00:05:58,653 - INFO - 安全移動完了: zaiko_出庫履歴_20250907_1058.csv -> C:\LocalApp\在庫マスターAPP\data
2025-09-16 00:06:01,656 - INFO - 処理開始: zaiko_担当者リスト_20250907_0122.csv
2025-09-16 00:06:01,670 - INFO - 安全移動完了: zaiko_担当者リスト_20250907_0122.csv -> C:\LocalApp\在庫マスターAPP\data
2025-09-16 00:06:04,673 - INFO - 処理開始: zaiko_担当者リスト_20250907_1001.csv
2025-09-16 00:06:04,689 - INFO - 安全移動完了: zaiko_担当者リスト_20250907_1001.csv -> C:\LocalApp\在庫マスターAPP\data
2025-09-16 00:06:07,691 - INFO - 処理開始: zaiko_担当者リスト_20250907_1036.csv
2025-09-16 00:06:07,699 - INFO - 安全移動完了: zaiko_担当者リスト_20250907_1036.csv -> C:\LocalApp\在庫マスターAPP\data
2025-09-16 00:06:10,702 - INFO - 処理開始: kaunet_database_2025-08-31 (1).csv
2025-09-16 00:06:10,716 - INFO - 安全移動完了: kaunet_database_2025-08-31 (1).csv -> C:\LocalApp\kaunetAPP\DATA
2025-09-16 00:06:13,719 - INFO - 処理開始: kaunet_database_2025-08-31.csv
2025-09-16 00:06:13,723 - INFO - 安全移動完了: kaunet_database_2025-08-31.csv -> C:\LocalApp\kaunetAPP\DATA
2025-09-16 00:06:16,725 - INFO - 処理開始: nippo_日報APP_7_8月19日.csv
2025-09-16 00:06:16,750 - INFO - 安全移動完了: nippo_日報APP_7_8月19日.csv -> C:\LocalApp\nippo\DATA
2025-09-16 00:06:19,754 - INFO - 処理開始: zaiko_在庫サマリー_20250907_0021.csv
2025-09-16 00:06:19,772 - INFO - 安全移動完了: zaiko_在庫サマリー_20250907_0021.csv -> C:\LocalApp\在庫マスターAPP\data
2025-09-16 00:06:22,774 - INFO - 処理開始: zaiko_在庫サマリー_20250907_0025.csv
2025-09-16 00:06:22,798 - INFO - 安全移動完了: zaiko_在庫サマリー_20250907_0025.csv -> C:\LocalApp\在庫マスターAPP\data
2025-09-16 00:29:35,092 - WARNING - ファイルが存在しません: C:\Users\falco\Downloads\9a7fd2a9-6479-4424-814a-0f6b6d1f64ef.tmp
2025-09-16 00:29:38,093 - WARNING - ファイルが存在しません: C:\Users\falco\Downloads\未確認 221205.crdownload
2025-09-16 00:29:41,094 - INFO - 処理開始: FlexRena84 (1).zip
2025-09-16 00:29:41,094 - INFO - マッチするルールがありません: FlexRena84 (1).zip
2025-09-16 21:26:27,633 - WARNING - ファイルが存在しません: C:\Users\falco\Downloads\242a1224-9a2d-4d92-b906-90747782b869.tmp
2025-09-16 21:26:30,637 - WARNING - ファイルが存在しません: C:\Users\falco\Downloads\未確認 290393.crdownload
2025-09-16 21:26:33,638 - INFO - 処理開始: FlexRena84 (2).zip
2025-09-16 21:26:33,639 - INFO - マッチするルールがありません: FlexRena84 (2).zip
2025-09-17 23:08:36,935 - WARNING - ファイルが存在しません: C:\Users\falco\Downloads\e131ff96-7987-46ba-89c1-6ccb8baf6201.tmp
2025-09-17 23:08:39,937 - WARNING - ファイルが存在しません: C:\Users\falco\Downloads\未確認 125433.crdownload
2025-09-17 23:08:42,938 - INFO - 処理開始: genba_yuu.json
2025-09-17 23:08:42,939 - INFO - マッチするルールがありません: genba_yuu.json
2025-09-18 21:14:49,479 - WARNING - ファイルが存在しません: C:\Users\falco\Downloads\0712f822-4333-4172-91aa-a208fb026c55.tmp
2025-09-18 21:14:52,481 - WARNING - ファイルが存在しません: C:\Users\falco\Downloads\未確認 198195.crdownload
2025-09-18 21:14:55,482 - INFO - 処理開始: genba_現場データ.json
2025-09-18 21:14:55,482 - INFO - マッチするルールがありません: genba_現場データ.json
2025-09-18 22:05:44,226 - WARNING - ファイルが存在しません: C:\Users\falco\Downloads\5dfa0dd7-b841-444a-8571-036ee96bee1f.tmp
2025-09-18 22:05:47,228 - WARNING - ファイルが存在しません: C:\Users\falco\Downloads\未確認 685566.crdownload
2025-09-18 22:05:50,229 - INFO - 処理開始: kissfx.com_create_shortcut.vbs
2025-09-18 22:05:50,229 - INFO - マッチするルールがありません: kissfx.com_create_shortcut.vbs
2025-09-18 22:06:20,172 - WARNING - ファイルが存在しません: C:\Users\falco\Downloads\3713d5be-fbc4-4470-b780-c7cc64192c42.tmp
2025-09-18 22:06:23,173 - WARNING - ファイルが存在しません: C:\Users\falco\Downloads\未確認 282903.crdownload
2025-09-18 22:06:26,174 - INFO - 処理開始: kissfx.com_枠なしChrome.bat
2025-09-18 22:06:26,175 - INFO - マッチするルールがありません: kissfx.com_枠なしChrome.bat
2025-09-18 22:07:04,058 - WARNING - ファイルが存在しません: C:\Users\falco\Downloads\aad2f0b9-35e3-4cc7-8f98-0ab23d734dcd.tmp
2025-09-18 22:07:07,059 - WARNING - ファイルが存在しません: C:\Users\falco\Downloads\未確認 408720.crdownload
2025-09-18 22:07:10,060 - INFO - 処理開始: kissfx.com_create_shortcut.vbs
2025-09-18 22:07:10,060 - INFO - マッチするルールがありません: kissfx.com_create_shortcut.vbs
2025-09-18 22:09:44,196 - WARNING - ファイルが存在しません: C:\Users\falco\Downloads\2f47c98e-27e9-4341-b3cd-e0712106122c.tmp
2025-09-18 22:09:47,197 - WARNING - ファイルが存在しません: C:\Users\falco\Downloads\未確認 873808.crdownload
2025-09-18 22:09:50,198 - INFO - 処理開始: kissfx.com_create_shortcut (1).vbs
2025-09-18 22:09:50,198 - INFO - マッチするルールがありません: kissfx.com_create_shortcut (1).vbs
2025-09-18 22:11:36,160 - WARNING - ファイルが存在しません: C:\Users\falco\Downloads\81796725-6e13-4c28-a418-7135638316fb.tmp
2025-09-18 22:11:39,161 - WARNING - ファイルが存在しません: C:\Users\falco\Downloads\未確認 815996.crdownload
2025-09-18 22:11:42,162 - INFO - 処理開始: kissfx.com_create_shortcut (2).vbs
2025-09-18 22:11:42,162 - INFO - マッチするルールがありません: kissfx.com_create_shortcut (2).vbs
2025-09-18 22:17:02,451 - WARNING - ファイルが存在しません: C:\Users\falco\Downloads\fd44cdf4-9116-4a5e-94dc-6a66e081849a.tmp
2025-09-18 22:17:05,452 - WARNING - ファイルが存在しません: C:\Users\falco\Downloads\未確認 307916.crdownload
2025-09-18 22:17:08,452 - INFO - 処理開始: Fxnav-枠なし_shortcut.vbs
2025-09-18 22:17:08,452 - INFO - マッチするルールがありません: Fxnav-枠なし_shortcut.vbs
2025-09-18 22:17:43,127 - WARNING - ファイルが存在しません: C:\Users\falco\Downloads\3cb383b9-f397-4df7-b264-7edfe78f4767.tmp
2025-09-18 22:17:46,128 - WARNING - ファイルが存在しません: C:\Users\falco\Downloads\未確認 600797.crdownload
2025-09-18 22:17:49,129 - INFO - 処理開始: Fxnav-枠なし.bat
2025-09-18 22:17:49,129 - INFO - マッチするルールがありません: Fxnav-枠なし.bat
2025-09-18 22:19:55,105 - WARNING - ファイルが存在しません: C:\Users\falco\Downloads\5bbe020e-0df4-44e3-b1af-2d41d7a3ed6c.tmp
2025-09-18 22:19:58,106 - WARNING - ファイルが存在しません: C:\Users\falco\Downloads\未確認 833258.crdownload
2025-09-18 22:20:01,107 - INFO - 処理開始: Fxnav-ChromeApp_shortcut.vbs
2025-09-18 22:20:01,107 - INFO - マッチするルールがありません: Fxnav-ChromeApp_shortcut.vbs
2025-09-18 23:32:06,703 - WARNING - ファイルが存在しません: C:\Users\falco\Downloads\665b1c51-ecd3-43f9-a344-0965e7b2df68.tmp
2025-09-18 23:32:09,704 - WARNING - ファイルが存在しません: C:\Users\falco\Downloads\未確認 705084.crdownload
2025-09-18 23:32:12,705 - WARNING - ファイルが存在しません: C:\Users\falco\Downloads\tver.ico
2025-09-18 23:36:52,884 - WARNING - ファイルが存在しません: C:\Users\falco\Downloads\100168e7-d028-4ff4-bf37-322bbfc89725.tmp
2025-09-18 23:36:55,885 - WARNING - ファイルが存在しません: C:\Users\falco\Downloads\未確認 735836.crdownload
2025-09-18 23:36:58,887 - INFO - 処理開始: tver.ico
2025-09-18 23:36:58,887 - INFO - マッチするルールがありません: tver.ico
